Using pre-set license
Built from '2021.1/release' branch; Version is '2021.1.16f1 (5fa502fca597) revision 6268162'; Using compiler version '192528614'; Build Type 'Release'
OS: 'Windows 10 Pro; OS build 19043.1165; Version 2009; 64bit' Language: 'en' Physical Memory: 3938 MB
BatchMode: 1, IsHumanControllingUs: 0, StartBugReporterOnCrash: 0, Is64bit: 1, IsPro: 0

 COMMAND LINE ARGUMENTS:
C:\Program Files\Unity\Hub\Editor\2021.1.16f1\Editor\Unity.exe
-adb2
-batchMode
-noUpm
-name
AssetImportWorker2
-projectPath
D:/Kushagra/Programming/Projects/Unnati/FPS/Multiplayer_Fps/Multiplayer FPS
-logFile
Logs/AssetImportWorker2.log
-srvPort
63930
Successfully changed project path to: D:/Kushagra/Programming/Projects/Unnati/FPS/Multiplayer_Fps/Multiplayer FPS
D:/Kushagra/Programming/Projects/Unnati/FPS/Multiplayer_Fps/Multiplayer FPS
Using Asset Import Pipeline V2.
Refreshing native plugins compatible for Editor in 499.94 ms, found 3 plugins.
Preloading 0 native plugins for Editor in 0.00 ms.
Initialize engine version: 2021.1.16f1 (5fa502fca597)
[Subsystems] Discovering subsystems at path C:/Program Files/Unity/Hub/Editor/2021.1.16f1/Editor/Data/Resources/UnitySubsystems
[Subsystems] Discovering subsystems at path D:/Kushagra/Programming/Projects/Unnati/FPS/Multiplayer_Fps/Multiplayer FPS/Assets
GfxDevice: creating device client; threaded=0; jobified=0
Direct3D:
    Version:  Direct3D 11.0 [level 11.1]
    Renderer: Intel(R) HD Graphics (ID=0x22b1)
    Vendor:   Intel
    VRAM:     1969 MB
    Driver:   20.19.15.5063
Initialize mono
Mono path[0] = 'C:/Program Files/Unity/Hub/Editor/2021.1.16f1/Editor/Data/Managed'
Mono path[1] = 'C:/Program Files/Unity/Hub/Editor/2021.1.16f1/Editor/Data/MonoBleedingEdge/lib/mono/unityjit'
Mono config path = 'C:/Program Files/Unity/Hub/Editor/2021.1.16f1/Editor/Data/MonoBleedingEdge/etc'
Using monoOptions --debugger-agent=transport=dt_socket,embedding=1,server=y,suspend=n,address=127.0.0.1:56816
Begin MonoManager ReloadAssembly
Registering precompiled unity dll's ...
Register platform support module: C:/Program Files/Unity/Hub/Editor/2021.1.16f1/Editor/Data/PlaybackEngines/WebGLSupport/UnityEditor.WebGL.Extensions.dll
Register platform support module: C:/Program Files/Unity/Hub/Editor/2021.1.16f1/Editor/Data/PlaybackEngines/WindowsStandaloneSupport/UnityEditor.WindowsStandalone.Extensions.dll
Register platform support module: C:/Program Files/Unity/Hub/Editor/2021.1.16f1/Editor/Data/PlaybackEngines/LinuxStandaloneSupport/UnityEditor.LinuxStandalone.Extensions.dll
Registered in 0.022180 seconds.
Native extension for LinuxStandalone target not found
Native extension for WindowsStandalone target not found
Native extension for WebGL target not found
Refreshing native plugins compatible for Editor in 515.45 ms, found 3 plugins.
Preloading 0 native plugins for Editor in 0.00 ms.
Mono: successfully reloaded assembly
- Completed reload, in  9.062 seconds
Domain Reload Profiling:
	ReloadAssembly (9063ms)
		BeginReloadAssembly (388ms)
			ExecutionOrderSort (0ms)
			DisableScriptedObjects (0ms)
			BackupInstance (0ms)
			ReleaseScriptingObjects (0ms)
			CreateAndSetChildDomain (4ms)
		EndReloadAssembly (3691ms)
			LoadAssemblies (379ms)
			RebuildTransferFunctionScriptingTraits (1ms)
			SetupTypeCache (1311ms)
			ReleaseScriptCaches (0ms)
			RebuildScriptCaches (229ms)
			SetupLoadedEditorAssemblies (1786ms)
				LogAssemblyErrors (0ms)
				InitializePlatformSupportModulesInManaged (73ms)
				SetLoadedEditorAssemblies (1ms)
				RefreshPlugins (516ms)
				BeforeProcessingInitializeOnLoad (8ms)
				ProcessInitializeOnLoadAttributes (914ms)
				ProcessInitializeOnLoadMethodAttributes (273ms)
				AfterProcessingInitializeOnLoad (0ms)
				EditorAssembliesLoaded (1ms)
			ExecutionOrderSort2 (0ms)
			AwakeInstancesAfterBackupRestoration (0ms)
Platform modules already initialized, skipping
Registering precompiled user dll's ...
Registered in 0.033684 seconds.
Begin MonoManager ReloadAssembly
Symbol file LoadedFromMemory doesn't match image D:\Kushagra\Programming\Projects\Unnati\FPS\Multiplayer_Fps\Multiplayer FPS\Library\PackageCache\com.unity.visualscripting@1.6.1\Editor\VisualScripting.Core\Dependencies\YamlDotNet\Unity.VisualScripting.YamlDotNet.dll
Symbol file LoadedFromMemory doesn't match image D:\Kushagra\Programming\Projects\Unnati\FPS\Multiplayer_Fps\Multiplayer FPS\Library\PackageCache\com.unity.visualscripting@1.6.1\Editor\VisualScripting.Core\Dependencies\DotNetZip\Unity.VisualScripting.IonicZip.dll
Native extension for LinuxStandalone target not found
Native extension for WindowsStandalone target not found
Native extension for WebGL target not found
Refreshing native plugins compatible for Editor in 2.61 ms, found 3 plugins.
Preloading 0 native plugins for Editor in 0.00 ms.
Mono: successfully reloaded assembly
- Completed reload, in  7.858 seconds
Domain Reload Profiling:
	ReloadAssembly (7861ms)
		BeginReloadAssembly (1075ms)
			ExecutionOrderSort (0ms)
			DisableScriptedObjects (22ms)
			BackupInstance (0ms)
			ReleaseScriptingObjects (1ms)
			CreateAndSetChildDomain (118ms)
		EndReloadAssembly (6469ms)
			LoadAssemblies (785ms)
			RebuildTransferFunctionScriptingTraits (0ms)
			SetupTypeCache (2442ms)
			ReleaseScriptCaches (2ms)
			RebuildScriptCaches (302ms)
			SetupLoadedEditorAssemblies (2323ms)
				LogAssemblyErrors (0ms)
				InitializePlatformSupportModulesInManaged (44ms)
				SetLoadedEditorAssemblies (2ms)
				RefreshPlugins (3ms)
				BeforeProcessingInitializeOnLoad (393ms)
				ProcessInitializeOnLoadAttributes (1822ms)
				ProcessInitializeOnLoadMethodAttributes (24ms)
				AfterProcessingInitializeOnLoad (33ms)
				EditorAssembliesLoaded (1ms)
			ExecutionOrderSort2 (0ms)
			AwakeInstancesAfterBackupRestoration (39ms)
Platform modules already initialized, skipping
========================================================================
Worker process is ready to serve import requests
Launched and connected shader compiler UnityShaderCompiler.exe after 0.41 seconds
Refreshing native plugins compatible for Editor in 2.34 ms, found 3 plugins.
Preloading 0 native plugins for Editor in 0.00 ms.
Unloading 2948 Unused Serialized files (Serialized files now loaded: 0)
System memory in use before: 106.8 MB.
System memory in use after: 107.0 MB.

Unloading 23 unused Assets to reduce memory usage. Loaded Objects now: 3392.
Total: 28.990600 ms (FindLiveObjects: 1.587100 ms CreateObjectMapping: 1.265100 ms MarkObjects: 25.091200 ms  DeleteObjects: 1.040800 ms)

AssetImportParameters requested are different than current active one (requested -> active):
  custom:framework-win-MediaFoundation: 216162199b28c13a410421893ffa2e32 -> 
  custom:video-decoder-ogg-theora: a1e56fd34408186e4bbccfd4996cb3dc -> 
  custom:container-muxer-webm: aa71ff27fc2769a1b78a27578f13a17b -> 
  custom:container-demuxer-webm: 4f35f7cbe854078d1ac9338744f61a02 -> 
  custom:container-demuxer-ogg: 62fdf1f143b41e24485cea50d1cbac27 -> 
  custom:video-encoder-webm-vp8: eb34c28f22e8b96e1ab97ce403110664 -> 
  custom:video-decoder-webm-vp8: 9c59270c3fd7afecdb556c50c9e8de78 -> 
  custom:audio-decoder-ogg-vorbis: bf7c407c2cedff20999df2af8eb42d56 -> 
  custom:audio-encoder-webm-vorbis: bf7c407c2cedff20999df2af8eb42d56 -> 
========================================================================
Received Import Request.
  path: Assets/Model/Theif.fbx
  artifactKey: Guid(48df486d846d06d44a392375f307a7b3) Importer(815301076,1909f56bfc062723c751e8b465ee728b)
Start importing Assets/Model/Theif.fbx using Guid(48df486d846d06d44a392375f307a7b3) Importer(815301076,1909f56bfc062723c751e8b465ee728b)  -> (artifact id: 'd60c692e07f4e241cfc28eb9acc4e135') in 1.308330 seconds 
========================================================================
Received Import Request.
  Time since last request: 0.001392 seconds.
  path: Assets/Model/Police_Man.fbx
  artifactKey: Guid(78b3bff1df058e44dbf8c9f48a52e404) Importer(815301076,1909f56bfc062723c751e8b465ee728b)
Start importing Assets/Model/Police_Man.fbx using Guid(78b3bff1df058e44dbf8c9f48a52e404) Importer(815301076,1909f56bfc062723c751e8b465ee728b)  -> (artifact id: 'af92a765daacba9908b410924ce5f0b8') in 0.211714 seconds 
========================================================================
Received Import Request.
  Time since last request: 0.000810 seconds.
  path: Assets/Model
  artifactKey: Guid(50fe5ac3bbb1b6544a4faf94c8c7c494) Importer(815301076,1909f56bfc062723c751e8b465ee728b)
Start importing Assets/Model using Guid(50fe5ac3bbb1b6544a4faf94c8c7c494) Importer(815301076,1909f56bfc062723c751e8b465ee728b)  -> (artifact id: '41a2fcc8298c9d10c18a0840abe70243') in 0.024037 seconds 
========================================================================
Received Import Request.
  Time since last request: 53.885277 seconds.
  path: Assets/Model/Police_Man.fbm
  artifactKey: Guid(03dd484119992ae488b2437e0b36321b) Importer(815301076,1909f56bfc062723c751e8b465ee728b)
Start importing Assets/Model/Police_Man.fbm using Guid(03dd484119992ae488b2437e0b36321b) Importer(815301076,1909f56bfc062723c751e8b465ee728b)  -> (artifact id: '0662009fd5262ac0256943ff0b100eff') in 0.034517 seconds 
========================================================================
Received Import Request.
  Time since last request: 8.204335 seconds.
  path: Assets/Model/Police_Man.fbx
  artifactKey: Guid(78b3bff1df058e44dbf8c9f48a52e404) Importer(815301076,1909f56bfc062723c751e8b465ee728b)
Start importing Assets/Model/Police_Man.fbx using Guid(78b3bff1df058e44dbf8c9f48a52e404) Importer(815301076,1909f56bfc062723c751e8b465ee728b)  -> (artifact id: 'cd41043dca6b0da15b3f59d3ce2edf15') in 0.187738 seconds 
========================================================================
Received Import Request.
  Time since last request: 0.001151 seconds.
  path: Assets/Model/Material.mat
  artifactKey: Guid(c47d92b52f311d0438deb910d2853346) Importer(815301076,1909f56bfc062723c751e8b465ee728b)
Start importing Assets/Model/Material.mat using Guid(c47d92b52f311d0438deb910d2853346) Importer(815301076,1909f56bfc062723c751e8b465ee728b)  -> (artifact id: '15e3ec88dd0bb4ef9737dade67285c43') in 0.104417 seconds 
========================================================================
Received Import Request.
  Time since last request: 5.970839 seconds.
  path: Assets/Model/Theif.fbx
  artifactKey: Guid(48df486d846d06d44a392375f307a7b3) Importer(815301076,1909f56bfc062723c751e8b465ee728b)
Start importing Assets/Model/Theif.fbx using Guid(48df486d846d06d44a392375f307a7b3) Importer(815301076,1909f56bfc062723c751e8b465ee728b)  -> (artifact id: '7e6e5718228f47e540ea195144cd5663') in 0.123270 seconds 
========================================================================
Received Import Request.
  Time since last request: 0.000907 seconds.
  path: Assets/Model/Material 1.mat
  artifactKey: Guid(ae800822c4d6d784cb4786512deb80ae) Importer(815301076,1909f56bfc062723c751e8b465ee728b)
Start importing Assets/Model/Material 1.mat using Guid(ae800822c4d6d784cb4786512deb80ae) Importer(815301076,1909f56bfc062723c751e8b465ee728b)  -> (artifact id: '98780fd574c7b4df16071b26478a9e39') in 0.084512 seconds 
========================================================================
Received Import Request.
  Time since last request: 21.071556 seconds.
  path: Assets/Model/Theif.fbm
  artifactKey: Guid(a8f49db0bf109a64c95de4a16e707ae2) Importer(815301076,1909f56bfc062723c751e8b465ee728b)
Start importing Assets/Model/Theif.fbm using Guid(a8f49db0bf109a64c95de4a16e707ae2) Importer(815301076,1909f56bfc062723c751e8b465ee728b)  -> (artifact id: '1fd198b0751354bc25d05727c7790188') in 0.029718 seconds 
========================================================================
Received Import Request.
  Time since last request: 0.079704 seconds.
  path: Assets/Model/Theif.fbm/ImphenziaPalette01.png
  artifactKey: Guid(864a8ce72dae2ca45991554777b5d366) Importer(815301076,1909f56bfc062723c751e8b465ee728b)
Start importing Assets/Model/Theif.fbm/ImphenziaPalette01.png using Guid(864a8ce72dae2ca45991554777b5d366) Importer(815301076,1909f56bfc062723c751e8b465ee728b)  -> (artifact id: 'cfe85462e677ffe7b6b62d3198a1d6d4') in 0.162753 seconds 
========================================================================
Received Import Request.
  Time since last request: 49.585710 seconds.
  path: Assets/Model/Theif.fbm/ImphenziaPalette01.png
  artifactKey: Guid(864a8ce72dae2ca45991554777b5d366) Importer(815301076,1909f56bfc062723c751e8b465ee728b)
Start importing Assets/Model/Theif.fbm/ImphenziaPalette01.png using Guid(864a8ce72dae2ca45991554777b5d366) Importer(815301076,1909f56bfc062723c751e8b465ee728b)  -> (artifact id: '007c9a3428963d5f9280473dc5f57447') in 0.048721 seconds 
========================================================================
Received Import Request.
  Time since last request: 5.239774 seconds.
  path: Assets/Model/Theif.fbm/ImphenziaPalette01.png
  artifactKey: Guid(864a8ce72dae2ca45991554777b5d366) Importer(815301076,1909f56bfc062723c751e8b465ee728b)
Start importing Assets/Model/Theif.fbm/ImphenziaPalette01.png using Guid(864a8ce72dae2ca45991554777b5d366) Importer(815301076,1909f56bfc062723c751e8b465ee728b)  -> (artifact id: 'f0c4b65fa4e90948d908adecd84d7dc7') in 0.026808 seconds 
========================================================================
Received Import Request.
  Time since last request: 21.762319 seconds.
  path: Assets/Model/Police_Man.fbm/ImphenziaPalette01.png
  artifactKey: Guid(c912196d672235d4d8d5421c3ef3ee66) Importer(815301076,1909f56bfc062723c751e8b465ee728b)
Start importing Assets/Model/Police_Man.fbm/ImphenziaPalette01.png using Guid(c912196d672235d4d8d5421c3ef3ee66) Importer(815301076,1909f56bfc062723c751e8b465ee728b)  -> (artifact id: 'c369a38a3d22677ec96e14c01264a884') in 0.027681 seconds 
========================================================================
Received Import Request.
  Time since last request: 3415.465794 seconds.
  path: Assets/Model/Tribe.blend
  artifactKey: Guid(ab12eed50250d7a4886fe99e3cbde826) Importer(815301076,1909f56bfc062723c751e8b465ee728b)
Start importing Assets/Model/Tribe.blend using Guid(ab12eed50250d7a4886fe99e3cbde826) Importer(815301076,1909f56bfc062723c751e8b465ee728b)  -> (artifact id: '2a903e6228c5d69a88344b6e3d5b572d') in 0.850436 seconds 
========================================================================
Received Prepare
Registering precompiled user dll's ...
Registered in 0.113805 seconds.
Begin MonoManager ReloadAssembly
Symbol file LoadedFromMemory doesn't match image D:\Kushagra\Programming\Projects\Unnati\FPS\Multiplayer_Fps\Multiplayer FPS\Library\PackageCache\com.unity.visualscripting@1.6.1\Editor\VisualScripting.Core\Dependencies\YamlDotNet\Unity.VisualScripting.YamlDotNet.dll
Symbol file LoadedFromMemory doesn't match image D:\Kushagra\Programming\Projects\Unnati\FPS\Multiplayer_Fps\Multiplayer FPS\Library\PackageCache\com.unity.visualscripting@1.6.1\Editor\VisualScripting.Core\Dependencies\DotNetZip\Unity.VisualScripting.IonicZip.dll
Native extension for LinuxStandalone target not found
Native extension for WindowsStandalone target not found
Native extension for WebGL target not found
Refreshing native plugins compatible for Editor in 2.31 ms, found 3 plugins.
Preloading 0 native plugins for Editor in 0.00 ms.
Mono: successfully reloaded assembly
- Completed reload, in 11.429 seconds
Domain Reload Profiling:
	ReloadAssembly (11448ms)
		BeginReloadAssembly (4306ms)
			ExecutionOrderSort (1ms)
			DisableScriptedObjects (327ms)
			BackupInstance (0ms)
			ReleaseScriptingObjects (1ms)
			CreateAndSetChildDomain (2897ms)
		EndReloadAssembly (6746ms)
			LoadAssemblies (1067ms)
			RebuildTransferFunctionScriptingTraits (0ms)
			SetupTypeCache (2418ms)
			ReleaseScriptCaches (8ms)
			RebuildScriptCaches (234ms)
			SetupLoadedEditorAssemblies (2494ms)
				LogAssemblyErrors (0ms)
				InitializePlatformSupportModulesInManaged (44ms)
				SetLoadedEditorAssemblies (2ms)
				RefreshPlugins (3ms)
				BeforeProcessingInitializeOnLoad (259ms)
				ProcessInitializeOnLoadAttributes (2119ms)
				ProcessInitializeOnLoadMethodAttributes (25ms)
				AfterProcessingInitializeOnLoad (40ms)
				EditorAssembliesLoaded (1ms)
			ExecutionOrderSort2 (0ms)
			AwakeInstancesAfterBackupRestoration (266ms)
Platform modules already initialized, skipping
Refreshing native plugins compatible for Editor in 82.91 ms, found 3 plugins.
Preloading 0 native plugins for Editor in 0.00 ms.
Unloading 2943 Unused Serialized files (Serialized files now loaded: 0)
System memory in use before: 112.4 MB.
System memory in use after: 112.6 MB.

Unloading 18 unused Assets to reduce memory usage. Loaded Objects now: 3496.
Total: 26.060500 ms (FindLiveObjects: 6.102100 ms CreateObjectMapping: 1.181100 ms MarkObjects: 18.510200 ms  DeleteObjects: 0.258700 ms)

AssetImportParameters requested are different than current active one (requested -> active):
  custom:framework-win-MediaFoundation: 216162199b28c13a410421893ffa2e32 -> 
  custom:video-decoder-ogg-theora: a1e56fd34408186e4bbccfd4996cb3dc -> 
  custom:container-muxer-webm: aa71ff27fc2769a1b78a27578f13a17b -> 
  custom:container-demuxer-webm: 4f35f7cbe854078d1ac9338744f61a02 -> 
  custom:container-demuxer-ogg: 62fdf1f143b41e24485cea50d1cbac27 -> 
  custom:video-encoder-webm-vp8: eb34c28f22e8b96e1ab97ce403110664 -> 
  custom:video-decoder-webm-vp8: 9c59270c3fd7afecdb556c50c9e8de78 -> 
  custom:audio-decoder-ogg-vorbis: bf7c407c2cedff20999df2af8eb42d56 -> 
  custom:audio-encoder-webm-vorbis: bf7c407c2cedff20999df2af8eb42d56 -> 
========================================================================
Received Import Request.
  Time since last request: 526.866827 seconds.
  path: Assets/Model/Tribe.fbx
  artifactKey: Guid(2c009bab2bc99924c90b9689fe38e332) Importer(815301076,1909f56bfc062723c751e8b465ee728b)
Start importing Assets/Model/Tribe.fbx using Guid(2c009bab2bc99924c90b9689fe38e332) Importer(815301076,1909f56bfc062723c751e8b465ee728b)  -> (artifact id: 'b4cebdf309c0c7be8e71ff8cda8d8bcc') in 1.863891 seconds 
========================================================================
Received Import Request.
  Time since last request: 39.450286 seconds.
  path: Assets/Model/Material.mat
  artifactKey: Guid(c47d92b52f311d0438deb910d2853346) Importer(815301076,1909f56bfc062723c751e8b465ee728b)
Start importing Assets/Model/Material.mat using Guid(c47d92b52f311d0438deb910d2853346) Importer(815301076,1909f56bfc062723c751e8b465ee728b)  -> (artifact id: '9dd4b593673e74c23925e96428bb5adc') in 0.100221 seconds 
========================================================================
Received Import Request.
  Time since last request: 0.001631 seconds.
  path: Assets/Model/Tribe.fbx
  artifactKey: Guid(2c009bab2bc99924c90b9689fe38e332) Importer(815301076,1909f56bfc062723c751e8b465ee728b)
Start importing Assets/Model/Tribe.fbx using Guid(2c009bab2bc99924c90b9689fe38e332) Importer(815301076,1909f56bfc062723c751e8b465ee728b)  -> (artifact id: '03d4ca954e751b9dba972265f3b852e5') in 0.131582 seconds 
